<?xml version="1.0" encoding="UTF-8"?>
<testng-results ignored="0" total="1" passed="1" failed="0" skipped="0">
  <reporter-output>
  </reporter-output>
  <suite started-at="2023-01-17T12:46:48 IST" name="Default suite" finished-at="2023-01-17T12:47:21 IST" duration-ms="32765">
    <groups>
    </groups>
    <test started-at="2023-01-17T12:46:48 IST" name="Default test" finished-at="2023-01-17T12:47:21 IST" duration-ms="32765">
      <class name="TestNg.login">
        <test-method signature="mytest()[pri:0, instance:TestNg.login@6f27a732]" started-at="2023-01-17T12:46:48 IST" name="mytest" finished-at="2023-01-17T12:47:21 IST" duration-ms="32691" status="PASS">
          <reporter-output>
          </reporter-output>
        </test-method> <!-- mytest -->
      </class> <!-- TestNg.login -->
    </test> <!-- Default test -->
  </suite> <!-- Default suite -->
</testng-results>
